
> rest-express@1.0.0 dev
> cross-env NODE_ENV=development tsx server/index.ts

[dotenv@17.2.3] injecting env (1) from .env -- tip: 🛠️  run anywhere with `dotenvx run -- yourcommand`
node:events:486
      throw er; // Unhandled 'error' event
      ^

Error: listen ENOTSUP: operation not supported on socket 0.0.0.0:5000
    at Server.setupListenHandle [as _listen2] (node:net:1918:21)
    at listenInCluster (node:net:1997:12)
    at node:net:2206:7
    at process.processTicksAndRejections (node:internal/process/task_queues:90:21)
Emitted 'error' event on Server instance at:
    at emitErrorNT (node:net:1976:8)
    at process.processTicksAndRejections (node:internal/process/task_queues:90:21) {
  code: 'ENOTSUP',
  errno: -4049,
  syscall: 'listen',
  address: '0.0.0.0',
  port: 5000
}

Node.js v24.11.0
